<test>
<ide-script entry-id="1">AdminLoginTest.xml</ide-script>
</test>
